<?xml version="1.0" encoding="UTF-8"?>
<testsuite name="TestOrderService" tests="2" skipped="0" failures="0" errors="0" timestamp="2021-10-10T18:03:42" hostname="5CD1018GT7" time="0.003">
  <properties/>
  <testcase name="getTotalCount()" classname="TestOrderService" time="0.001"/>
  <testcase name="getTotalPrice()" classname="TestOrderService" time="0.001"/>
  <system-out><![CDATA[]]></system-out>
  <system-err><![CDATA[]]></system-err>
</testsuite>
