<?xml version="1.0" encoding="UTF-8"?>
<testsuite name="TestClientService" tests="2" skipped="0" failures="0" errors="0" timestamp="2021-10-10T18:03:42" hostname="5CD1018GT7" time="0.007">
  <properties/>
  <testcase name="createOrder()" classname="TestClientService" time="0.004"/>
  <testcase name="getLastOrder()" classname="TestClientService" time="0.002"/>
  <system-out><![CDATA[]]></system-out>
  <system-err><![CDATA[]]></system-err>
</testsuite>
